\BOOKMARK [-1][]{ctitle.-1}{\376\377\131\032\150\070\227\136\146\023\131\061\140\047\133\130\120\250\135\114\121\145\137\017\174\373\176\337\136\166\210\114\117\030\123\026\214\003\136\246}{}% 1
\BOOKMARK [0][]{section*.2}{\376\377\133\146\117\115\213\272\145\207\123\237\122\033\140\047\130\360\146\016\124\214\133\146\117\115\213\272\145\207\162\110\147\103\117\177\165\050\143\210\147\103\116\146}{ctitle.-1}% 2
\BOOKMARK [0][]{section*.3}{\376\377\144\130\000\040\211\201}{ctitle.-1}% 3
\BOOKMARK [0][]{section*.5}{\376\377\000A\000b\000s\000t\000r\000a\000c\000t}{ctitle.-1}% 4
\BOOKMARK [0][]{section*.7}{\376\377\166\356\000\040\000\040\000\040\000\040\137\125}{ctitle.-1}% 5
\BOOKMARK [0][]{section*.9}{\376\377\143\322\126\376\175\042\137\025}{ctitle.-1}% 6
\BOOKMARK [0][]{section*.11}{\376\377\226\104\210\150\175\042\137\025}{ctitle.-1}% 7
\BOOKMARK [0][]{section*.13}{\376\377\0001\000\040\152\041\147\177\116\313\176\315\116\016\154\350\141\017\116\213\230\171}{ctitle.-1}% 8
\BOOKMARK [1][]{section*.14}{\376\377\0001\000.\0001\000\040\152\041\147\177\213\364\146\016}{section*.13}% 9
\BOOKMARK [1][]{section*.15}{\376\377\0001\000.\0002\000\040\116\013\217\175\133\211\210\305}{section*.13}% 10
\BOOKMARK [1][]{section*.16}{\376\377\0001\000.\0003\000\040\166\356\137\125\121\205\133\271}{section*.13}% 11
\BOOKMARK [1][]{section*.17}{\376\377\0001\000.\0004\000\040\123\302\200\003\145\207\163\056\165\037\142\020\145\271\154\325}{section*.13}% 12
\BOOKMARK [1][]{section*.18}{\376\377\0001\000.\0005\000\040\177\026\213\321\154\350\141\017\116\213\230\171}{section*.13}% 13
\BOOKMARK [1][]{section*.19}{\376\377\0001\000.\0006\000\040\174\373\176\337\211\201\154\102}{section*.13}% 14
\BOOKMARK [1][]{section*.20}{\376\377\0001\000.\0007\000\040\000T\000e\000X\000\040\173\200\116\313}{section*.13}% 15
\BOOKMARK [2][]{section*.21}{\376\377\0001\000.\0007\000.\0001\000\040\116\300\116\110\146\057\000\040\000T\000e\000X\000/\000L\000a\000T\000e\000X\377\014\142\021\146\057\124\046\136\224\213\345\220\011\142\351\133\203\000\040\377\037}{section*.20}% 16
\BOOKMARK [2][]{section*.22}{\376\377\0001\000.\0007\000.\0002\000\040\142\021\213\345\165\050\116\300\116\110\177\026\217\221\126\150\000\040\377\037}{section*.20}% 17
\BOOKMARK [2][]{section*.23}{\376\377\0001\000.\0007\000.\0003\000\040\142\021\136\224\213\345\167\013\116\300\116\110\000\040\000L\000a\000T\000e\000X\000\040\213\373\162\151\000\040\377\037}{section*.20}% 18
\BOOKMARK [2][]{section*.24}{\376\377\0001\000.\0007\000.\0004\000\040\116\300\116\110\167\345\213\306\117\032\217\307\145\366\000\040\377\037\116\300\116\110\116\015\117\032\000\040\377\037}{section*.20}% 19
\BOOKMARK [1][]{section*.25}{\376\377\0001\000.\0008\000\040\121\115\215\043\130\360\146\016}{section*.13}% 20
\BOOKMARK [0][]{section*.26}{\376\377\0002\000\040\126\376\162\107\166\204\143\322\121\145\145\271\154\325}{ctitle.-1}% 21
\BOOKMARK [1][]{section*.27}{\376\377\0002\000.\0001\000\040\170\024\172\166\165\037\153\325\116\032\213\272\145\207\166\204\143\322\126\376\211\304\203\003}{section*.26}% 22
\BOOKMARK [2][]{section*.28}{\376\377\0002\000.\0001\000.\0001\000\040\126\376\230\230\123\312\126\376\116\055\213\364\146\016}{section*.27}% 23
\BOOKMARK [2][]{section*.29}{\376\377\0002\000.\0001\000.\0002\000\040\143\322\126\376\177\026\143\222}{section*.27}% 24
\BOOKMARK [1][]{section*.30}{\376\377\0002\000.\0002\000\040\000L\000a\000T\000e\000X\000\040\116\055\143\250\203\120\117\177\165\050\166\204\126\376\162\107\150\074\137\017}{section*.26}% 25
\BOOKMARK [1][]{section*.31}{\376\377\0002\000.\0003\000\040\123\125\137\040\126\376\162\107\166\204\143\322\121\145\145\271\154\325}{section*.26}% 26
\BOOKMARK [1][]{section*.35}{\376\377\0002\000.\0004\000\040\121\167\147\011\133\120\126\376\166\204\126\376\162\107\143\322\121\145\145\271\154\325}{section*.26}% 27
\BOOKMARK [0][]{section*.39}{\376\377\0003\000\040\210\150\150\074\166\204\176\330\122\066\145\271\154\325}{ctitle.-1}% 28
\BOOKMARK [1][]{section*.40}{\376\377\0003\000.\0001\000\040\170\024\172\166\165\037\153\325\116\032\213\276\213\241\213\272\145\207\166\204\176\330\210\150\211\304\203\003}{section*.39}% 29
\BOOKMARK [1][]{section*.41}{\376\377\0003\000.\0002\000\040\146\156\220\032\210\150\150\074\166\204\176\330\122\066\145\271\154\325}{section*.39}% 30
\BOOKMARK [1][]{section*.43}{\376\377\0003\000.\0003\000\040\225\177\210\150\150\074\166\204\176\330\122\066\145\271\154\325}{section*.39}% 31
\BOOKMARK [1][]{section*.45}{\376\377\0003\000.\0004\000\040\122\027\133\275\123\357\214\003\210\150\150\074\166\204\176\330\122\066\145\271\154\325}{section*.39}% 32
\BOOKMARK [2][]{section*.46}{\376\377\0003\000.\0004\000.\0001\000\040\210\150\150\074\121\205\147\320\123\125\121\103\150\074\121\205\133\271\217\307\225\177\166\204\140\305\121\265}{section*.45}% 33
\BOOKMARK [2][]{section*.48}{\376\377\0003\000.\0004\000.\0002\000\040\133\371\162\151\164\006\221\317\173\046\123\367\217\333\210\114\154\350\221\312\166\204\140\305\121\265}{section*.45}% 34
\BOOKMARK [0][]{section*.49}{\376\377\0004\000\040\145\160\133\146\121\154\137\017\166\204\217\223\121\145\145\271\154\325}{ctitle.-1}% 35
\BOOKMARK [1][]{section*.50}{\376\377\0004\000.\0001\000\040\170\024\172\166\165\037\153\325\116\032\213\276\213\241\213\272\145\207\166\204\121\154\137\017\211\304\203\003}{section*.49}% 36
\BOOKMARK [1][]{section*.51}{\376\377\0004\000.\0002\000\040\165\037\142\020\000\040\000L\000a\000T\000e\000X\000\040\145\160\133\146\121\154\137\017\166\204\116\044\171\315\145\271\154\325}{section*.49}% 37
\BOOKMARK [2][]{section*.52}{\376\377\0004\000.\0002\000.\0001\000\040\127\372\116\216\000\040\000M\000a\000t\000h\000T\000y\000p\000e\000\040\217\157\116\366\166\204\145\160\133\146\121\154\137\017\165\037\142\020\145\271\154\325}{section*.51}% 38
\BOOKMARK [2][]{section*.53}{\376\377\0004\000.\0002\000.\0002\000\040\127\372\116\216\000\040\000M\000A\000T\000L\000A\000B\000\040\217\157\116\366\166\204\145\160\133\146\121\154\137\017\165\037\142\020\145\271\154\325}{section*.51}% 39
\BOOKMARK [1][]{section*.54}{\376\377\0004\000.\0003\000\040\145\160\133\146\133\127\117\123}{section*.49}% 40
\BOOKMARK [1][]{section*.56}{\376\377\0004\000.\0004\000\040\210\114\121\205\121\154\137\017}{section*.49}% 41
\BOOKMARK [1][]{section*.61}{\376\377\0004\000.\0005\000\040\210\114\225\364\121\154\137\017}{section*.49}% 42
\BOOKMARK [1][]{section*.63}{\376\377\0004\000.\0006\000\040\123\357\201\352\122\250\214\003\145\164\131\047\134\017\166\204\133\232\165\114\173\046}{section*.49}% 43
\BOOKMARK [1][]{section*.64}{\376\377\0004\000.\0007\000\040\145\160\133\146\221\315\227\363\173\046\123\367}{section*.49}% 44
\BOOKMARK [0][]{section*.65}{\376\377\0005\000\040\127\372\116\216\000D\000S\000P\137\256\131\004\164\006\126\150\136\224\165\050\166\204\147\000\117\030\214\003\136\246\124\214\226\306\177\244\225\364\220\032\117\341}{ctitle.-1}% 45
\BOOKMARK [1][]{section*.66}{\376\377\0005\000.\0001\000\040\137\025\212\000}{section*.65}% 46
\BOOKMARK [1][]{section*.67}{\376\377\0005\000.\0002\000\040\127\372\147\054\123\237\164\006}{section*.65}% 47
\BOOKMARK [2][]{section*.68}{\376\377\0005\000.\0002\000.\0001\000\040\000D\000S\000P\131\004\164\006\126\150\226\306\177\244\136\372\152\041}{section*.67}% 48
\BOOKMARK [2][]{section*.69}{\376\377\0005\000.\0002\000.\0002\000\040\122\250\147\072}{section*.67}% 49
\BOOKMARK [1][]{section*.70}{\376\377\0005\000.\0003\000\040\213\276\213\241\121\167\147\011\147\000\134\017\140\073\176\277\227\000\154\102\166\204\226\306\177\244\225\364\217\336\143\245\177\121\176\334}{section*.65}% 50
\BOOKMARK [2][]{section*.71}{\376\377\0005\000.\0003\000.\0001\000\040\211\311\137\227\226\306\177\244\225\364\217\336\143\245\177\121\176\334\166\204\147\000\134\017\140\073\176\277\227\000\154\102\145\160}{section*.70}% 51
\BOOKMARK [0][]{section*.72}{\376\377\176\323\000\040\213\272}{ctitle.-1}% 52
\BOOKMARK [0][]{section*.75}{\376\377\123\302\200\003\145\207\163\056}{ctitle.-1}% 53
\BOOKMARK [0][]{section*.77}{\376\377\226\104\137\125\000A\000\040\123\321\210\150\213\272\145\207\124\214\123\302\122\240\171\321\170\024\140\305\121\265\213\364\146\016}{ctitle.-1}% 54
\BOOKMARK [0][]{section*.79}{\376\377\201\364\000\040\214\042}{ctitle.-1}% 55
